<?xml version="1.0" encoding="UTF-8"?>
<testsuite xmlns:xsi="http://www.w3.org/2001/XMLSchema-instance" xsi:noNamespaceSchemaLocation="https://maven.apache.org/surefire/maven-surefire-plugin/xsd/surefire-test-report-3.0.xsd" version="3.0" name="cucumber.Options.TestRunnerUI" time="16.399" tests="1" errors="0" skipped="0" failures="0">
  <properties>
[...]
</properties>
  <testcase name="Verify the Chrome Process value in table matches with Yellow label Chrome CPU Value" classname="Verify DynamicTable functionality on UITestingPlayground" time="2.687">
    <system-out><![CDATA[
@table-02 @executeAfterStep
Scenario: Verify the Chrome Process value in table matches with Yellow label Chrome CPU Value # src/test/resources/feature/uiDynamicTable.feature:13
  Given Launch the application UITestingPlayground                                            # step.definitions.MyStepdefsUI.launchTheApplicationUITestingPlayground()

    Embedding image [image/png 162622 bytes]

  And User is on the "UI Test Automation" application home page                               # step.definitions.MyStepdefsUI.userIsOnTheApplicationHomePage(java.lang.String)

    Embedding image [image/png 162622 bytes]

  When User navigate to the Dynamic Table page                                                # step.definitions.MyStepdefsUI.userNavigateToTheDynamicTablePage()

    Embedding image [image/png 101423 bytes]

  Then User should able to get the value from the table for Chrome Process                    # step.definitions.MyStepdefsUI.userShouldAbleToGetTheValueFromTheTableForChromeProcess()

    Embedding image [image/png 101423 bytes]

  And User should be able to compare the value with Yellow label CPU load                     # step.definitions.MyStepdefsUI.userShouldBeAbleToCompareTheValueWithYellowLabelCPULoad()

    Embedding image [image/png 101423 bytes]

]]></system-out>
    <system-err><![CDATA[SLF4J: Failed to load class "org.slf4j.impl.StaticLoggerBinder".
SLF4J: Defaulting to no-operation (NOP) logger implementation
SLF4J: See http://www.slf4j.org/codes.html#StaticLoggerBinder for further details.
Starting ChromeDriver 114.0.5735.90 (386bc09e8f4f2e025eddae123f36f6263096ae49-refs/branch-heads/5735@{#1052}) on port 39038
Only local connections are allowed.
Please see https://chromedriver.chromium.org/security-considerations for suggestions on keeping ChromeDriver safe.
ChromeDriver was started successfully.
[1690033275.173][WARNING]: This version of ChromeDriver has not been tested with Chrome version 115.
Jul 22, 2023 3:41:15 PM org.openqa.selenium.remote.ProtocolHandshake createSession
INFO: Detected dialect: W3C
]]></system-err>
  </testcase>
</testsuite>